Warning[205] C:\USERS\SWATA\ONEDRIVE\DESKTOP\MPLAB\MAIN.ASM 2 : Found directive in column 1. (PROCESSOR)
Warning[205] C:\USERS\SWATA\ONEDRIVE\DESKTOP\MPLAB\MAIN.ASM 3 : Found directive in column 1. (INCLUDE)
Warning[205] C:\USERS\SWATA\ONEDRIVE\DESKTOP\MPLAB\MAIN.ASM 6 : Found directive in column 1. (__CONFIG)
Warning[205] C:\USERS\SWATA\ONEDRIVE\DESKTOP\MPLAB\MAIN.ASM 17 : Found directive in column 1. (ORG)
Warning[203] C:\USERS\SWATA\ONEDRIVE\DESKTOP\MPLAB\MAIN.ASM 18 : Found opcode in column 1. (GOTO)
Warning[205] C:\USERS\SWATA\ONEDRIVE\DESKTOP\MPLAB\MAIN.ASM 21 : Found directive in column 1. (ORG)
Warning[203] C:\USERS\SWATA\ONEDRIVE\DESKTOP\MPLAB\MAIN.ASM 22 : Found opcode in column 1. (GOTO)
Warning[205] C:\USERS\SWATA\ONEDRIVE\DESKTOP\MPLAB\MAIN.ASM 29 : Found directive in column 1. (BANKSEL)
Warning[203] C:\USERS\SWATA\ONEDRIVE\DESKTOP\MPLAB\MAIN.ASM 30 : Found opcode in column 1. (MOVLW)
Warning[203] C:\USERS\SWATA\ONEDRIVE\DESKTOP\MPLAB\MAIN.ASM 31 : Found opcode in column 1. (MOVWF)
Message[302] C:\USERS\SWATA\ONEDRIVE\DESKTOP\MPLAB\MAIN.ASM 31 : Register in operand not in bank 0.  Ensure that bank bits are correct.
Warning[205] C:\USERS\SWATA\ONEDRIVE\DESKTOP\MPLAB\MAIN.ASM 34 : Found directive in column 1. (BANKSEL)
Warning[203] C:\USERS\SWATA\ONEDRIVE\DESKTOP\MPLAB\MAIN.ASM 35 : Found opcode in column 1. (BSF)
Message[302] C:\USERS\SWATA\ONEDRIVE\DESKTOP\MPLAB\MAIN.ASM 35 : Register in operand not in bank 0.  Ensure that bank bits are correct.
Warning[205] C:\USERS\SWATA\ONEDRIVE\DESKTOP\MPLAB\MAIN.ASM 37 : Found directive in column 1. (BANKSEL)
Warning[203] C:\USERS\SWATA\ONEDRIVE\DESKTOP\MPLAB\MAIN.ASM 38 : Found opcode in column 1. (MOVLW)
Warning[203] C:\USERS\SWATA\ONEDRIVE\DESKTOP\MPLAB\MAIN.ASM 39 : Found opcode in column 1. (MOVWF)
Warning[205] C:\USERS\SWATA\ONEDRIVE\DESKTOP\MPLAB\MAIN.ASM 41 : Found directive in column 1. (BANKSEL)
Warning[203] C:\USERS\SWATA\ONEDRIVE\DESKTOP\MPLAB\MAIN.ASM 42 : Found opcode in column 1. (CLRF)
Warning[205] C:\USERS\SWATA\ONEDRIVE\DESKTOP\MPLAB\MAIN.ASM 43 : Found directive in column 1. (BANKSEL)
Warning[203] C:\USERS\SWATA\ONEDRIVE\DESKTOP\MPLAB\MAIN.ASM 44 : Found opcode in column 1. (CLRF)
Message[302] C:\USERS\SWATA\ONEDRIVE\DESKTOP\MPLAB\MAIN.ASM 44 : Register in operand not in bank 0.  Ensure that bank bits are correct.
Warning[205] C:\USERS\SWATA\ONEDRIVE\DESKTOP\MPLAB\MAIN.ASM 49 : Found directive in column 1. (BANKSEL)
Warning[203] C:\USERS\SWATA\ONEDRIVE\DESKTOP\MPLAB\MAIN.ASM 50 : Found opcode in column 1. (CLRF)
Message[302] C:\USERS\SWATA\ONEDRIVE\DESKTOP\MPLAB\MAIN.ASM 50 : Register in operand not in bank 0.  Ensure that bank bits are correct.
Warning[205] C:\USERS\SWATA\ONEDRIVE\DESKTOP\MPLAB\MAIN.ASM 52 : Found directive in column 1. (BANKSEL)
Warning[203] C:\USERS\SWATA\ONEDRIVE\DESKTOP\MPLAB\MAIN.ASM 60 : Found opcode in column 1. (GOTO)
Warning[205] C:\USERS\SWATA\ONEDRIVE\DESKTOP\MPLAB\MAIN.ASM 69 : Found directive in column 1. (BANKSEL)
Warning[203] C:\USERS\SWATA\ONEDRIVE\DESKTOP\MPLAB\MAIN.ASM 70 : Found opcode in column 1. (retfie)
Warning[205] C:\USERS\SWATA\ONEDRIVE\DESKTOP\MPLAB\MAIN.ASM 76 : Found directive in column 1. (INCLUDE)
Message[305] C:\USERS\SWATA\ONEDRIVE\DESKTOP\MPLAB\LCDIS_PORTD.INC 27 : Using default destination of 1 (file).
Message[305] C:\USERS\SWATA\ONEDRIVE\DESKTOP\MPLAB\LCDIS_PORTD.INC 37 : Using default destination of 1 (file).
Message[305] C:\USERS\SWATA\ONEDRIVE\DESKTOP\MPLAB\LCDIS_PORTD.INC 62 : Using default destination of 1 (file).
Warning[203] C:\USERS\SWATA\ONEDRIVE\DESKTOP\MPLAB\MAIN.ASM 82 : Found opcode in column 1. (CALL)
Warning[203] C:\USERS\SWATA\ONEDRIVE\DESKTOP\MPLAB\MAIN.ASM 83 : Found opcode in column 1. (CALL)
Warning[203] C:\USERS\SWATA\ONEDRIVE\DESKTOP\MPLAB\MAIN.ASM 86 : Found opcode in column 1. (CALL)
Warning[205] C:\USERS\SWATA\ONEDRIVE\DESKTOP\MPLAB\MAIN.ASM 90 : Found directive in column 1. (BANKSEL)
Warning[203] C:\USERS\SWATA\ONEDRIVE\DESKTOP\MPLAB\MAIN.ASM 91 : Found opcode in column 1. (BSF)
Warning[203] C:\USERS\SWATA\ONEDRIVE\DESKTOP\MPLAB\MAIN.ASM 94 : Found opcode in column 1. (BTFSC)
Warning[203] C:\USERS\SWATA\ONEDRIVE\DESKTOP\MPLAB\MAIN.ASM 95 : Found opcode in column 1. (GOTO)
Warning[205] C:\USERS\SWATA\ONEDRIVE\DESKTOP\MPLAB\MAIN.ASM 98 : Found directive in column 1. (BANKSEL)
Warning[204] C:\USERS\SWATA\ONEDRIVE\DESKTOP\MPLAB\MAIN.ASM 99 : Found pseudo-op in column 1. (MOVFW)
Message[302] C:\USERS\SWATA\ONEDRIVE\DESKTOP\MPLAB\MAIN.ASM 99 : Register in operand not in bank 0.  Ensure that bank bits are correct.
Warning[205] C:\USERS\SWATA\ONEDRIVE\DESKTOP\MPLAB\MAIN.ASM 101 : Found directive in column 1. (BANKSEL)
Warning[203] C:\USERS\SWATA\ONEDRIVE\DESKTOP\MPLAB\MAIN.ASM 102 : Found opcode in column 1. (MOVWF)
Warning[203] C:\USERS\SWATA\ONEDRIVE\DESKTOP\MPLAB\MAIN.ASM 106 : Found opcode in column 1. (BSF)
Warning[204] C:\USERS\SWATA\ONEDRIVE\DESKTOP\MPLAB\MAIN.ASM 107 : Found pseudo-op in column 1. (MOVFW)
Warning[203] C:\USERS\SWATA\ONEDRIVE\DESKTOP\MPLAB\MAIN.ASM 108 : Found opcode in column 1. (CALL)
Warning[203] C:\USERS\SWATA\ONEDRIVE\DESKTOP\MPLAB\MAIN.ASM 115 : Found opcode in column 1. (GOTO)
Warning[205] C:\USERS\SWATA\ONEDRIVE\DESKTOP\MPLAB\MAIN.ASM 121 : Found directive in column 1. (END)
