Warning[205] C:\USERS\SWATA\ONEDRIVE\DESKTOP\MPLAB\MAIN.ASM 2 : Found directive in column 1. (PROCESSOR)
Warning[205] C:\USERS\SWATA\ONEDRIVE\DESKTOP\MPLAB\MAIN.ASM 3 : Found directive in column 1. (INCLUDE)
Warning[205] C:\USERS\SWATA\ONEDRIVE\DESKTOP\MPLAB\MAIN.ASM 6 : Found directive in column 1. (__CONFIG)
Warning[205] C:\USERS\SWATA\ONEDRIVE\DESKTOP\MPLAB\MAIN.ASM 15 : Found directive in column 1. (ORG)
Warning[203] C:\USERS\SWATA\ONEDRIVE\DESKTOP\MPLAB\MAIN.ASM 16 : Found opcode in column 1. (GOTO)
Warning[205] C:\USERS\SWATA\ONEDRIVE\DESKTOP\MPLAB\MAIN.ASM 19 : Found directive in column 1. (ORG)
Warning[203] C:\USERS\SWATA\ONEDRIVE\DESKTOP\MPLAB\MAIN.ASM 20 : Found opcode in column 1. (GOTO)
Warning[205] C:\USERS\SWATA\ONEDRIVE\DESKTOP\MPLAB\MAIN.ASM 26 : Found directive in column 1. (BANKSEL)
Warning[203] C:\USERS\SWATA\ONEDRIVE\DESKTOP\MPLAB\MAIN.ASM 27 : Found opcode in column 1. (BCF)
Message[302] C:\USERS\SWATA\ONEDRIVE\DESKTOP\MPLAB\MAIN.ASM 27 : Register in operand not in bank 0.  Ensure that bank bits are correct.
Warning[205] C:\USERS\SWATA\ONEDRIVE\DESKTOP\MPLAB\MAIN.ASM 29 : Found directive in column 1. (BANKSEL)
Warning[203] C:\USERS\SWATA\ONEDRIVE\DESKTOP\MPLAB\MAIN.ASM 30 : Found opcode in column 1. (MOVLW)
Warning[203] C:\USERS\SWATA\ONEDRIVE\DESKTOP\MPLAB\MAIN.ASM 31 : Found opcode in column 1. (MOVWF)
Warning[205] C:\USERS\SWATA\ONEDRIVE\DESKTOP\MPLAB\MAIN.ASM 33 : Found directive in column 1. (BANKSEL)
Warning[203] C:\USERS\SWATA\ONEDRIVE\DESKTOP\MPLAB\MAIN.ASM 34 : Found opcode in column 1. (MOVLW)
Warning[203] C:\USERS\SWATA\ONEDRIVE\DESKTOP\MPLAB\MAIN.ASM 35 : Found opcode in column 1. (MOVWF)
Warning[205] C:\USERS\SWATA\ONEDRIVE\DESKTOP\MPLAB\MAIN.ASM 38 : Found directive in column 1. (BANKSEL)
Warning[203] C:\USERS\SWATA\ONEDRIVE\DESKTOP\MPLAB\MAIN.ASM 41 : Found opcode in column 1. (BSF)
Warning[205] C:\USERS\SWATA\ONEDRIVE\DESKTOP\MPLAB\MAIN.ASM 44 : Found directive in column 1. (BANKSEL)
Warning[203] C:\USERS\SWATA\ONEDRIVE\DESKTOP\MPLAB\MAIN.ASM 47 : Found opcode in column 1. (BSF)
Warning[203] C:\USERS\SWATA\ONEDRIVE\DESKTOP\MPLAB\MAIN.ASM 48 : Found opcode in column 1. (BSF)
Warning[205] C:\USERS\SWATA\ONEDRIVE\DESKTOP\MPLAB\MAIN.ASM 50 : Found directive in column 1. (BANKSEL)
Warning[203] C:\USERS\SWATA\ONEDRIVE\DESKTOP\MPLAB\MAIN.ASM 51 : Found opcode in column 1. (BSF)
Warning[203] C:\USERS\SWATA\ONEDRIVE\DESKTOP\MPLAB\MAIN.ASM 52 : Found opcode in column 1. (BSF)
Warning[205] C:\USERS\SWATA\ONEDRIVE\DESKTOP\MPLAB\MAIN.ASM 54 : Found directive in column 1. (BANKSEL)
Warning[203] C:\USERS\SWATA\ONEDRIVE\DESKTOP\MPLAB\MAIN.ASM 55 : Found opcode in column 1. (BSF)
Message[302] C:\USERS\SWATA\ONEDRIVE\DESKTOP\MPLAB\MAIN.ASM 55 : Register in operand not in bank 0.  Ensure that bank bits are correct.
Warning[205] C:\USERS\SWATA\ONEDRIVE\DESKTOP\MPLAB\MAIN.ASM 57 : Found directive in column 1. (BANKSEL)
Warning[203] C:\USERS\SWATA\ONEDRIVE\DESKTOP\MPLAB\MAIN.ASM 58 : Found opcode in column 1. (MOVLW)
Warning[204] C:\USERS\SWATA\ONEDRIVE\DESKTOP\MPLAB\MAIN.ASM 59 : Found pseudo-op in column 1. (MOVFW)
Warning[205] C:\USERS\SWATA\ONEDRIVE\DESKTOP\MPLAB\MAIN.ASM 67 : Found directive in column 1. (BANKSEL)
Warning[203] C:\USERS\SWATA\ONEDRIVE\DESKTOP\MPLAB\MAIN.ASM 68 : Found opcode in column 1. (GOTO)
Warning[205] C:\USERS\SWATA\ONEDRIVE\DESKTOP\MPLAB\MAIN.ASM 73 : Found directive in column 1. (BANKSEL)
Warning[203] C:\USERS\SWATA\ONEDRIVE\DESKTOP\MPLAB\MAIN.ASM 74 : Found opcode in column 1. (BCF)
Warning[205] C:\USERS\SWATA\ONEDRIVE\DESKTOP\MPLAB\MAIN.ASM 75 : Found directive in column 1. (BANKSEL)
Warning[203] C:\USERS\SWATA\ONEDRIVE\DESKTOP\MPLAB\MAIN.ASM 76 : Found opcode in column 1. (BCF)
Message[302] C:\USERS\SWATA\ONEDRIVE\DESKTOP\MPLAB\MAIN.ASM 76 : Register in operand not in bank 0.  Ensure that bank bits are correct.
Warning[205] C:\USERS\SWATA\ONEDRIVE\DESKTOP\MPLAB\MAIN.ASM 80 : Found directive in column 1. (BANKSEL)
Warning[203] C:\USERS\SWATA\ONEDRIVE\DESKTOP\MPLAB\MAIN.ASM 82 : Found opcode in column 1. (BTFSS)
Warning[203] C:\USERS\SWATA\ONEDRIVE\DESKTOP\MPLAB\MAIN.ASM 83 : Found opcode in column 1. (GOTO)
Warning[203] C:\USERS\SWATA\ONEDRIVE\DESKTOP\MPLAB\MAIN.ASM 85 : Found opcode in column 1. (GOTO)
Warning[205] C:\USERS\SWATA\ONEDRIVE\DESKTOP\MPLAB\MAIN.ASM 95 : Found directive in column 1. (BANKSEL)
Warning[203] C:\USERS\SWATA\ONEDRIVE\DESKTOP\MPLAB\MAIN.ASM 96 : Found opcode in column 1. (BSF)
Message[302] C:\USERS\SWATA\ONEDRIVE\DESKTOP\MPLAB\MAIN.ASM 96 : Register in operand not in bank 0.  Ensure that bank bits are correct.
Warning[205] C:\USERS\SWATA\ONEDRIVE\DESKTOP\MPLAB\MAIN.ASM 98 : Found directive in column 1. (BANKSEL)
Warning[203] C:\USERS\SWATA\ONEDRIVE\DESKTOP\MPLAB\MAIN.ASM 99 : Found opcode in column 1. (retfie)
Warning[203] C:\USERS\SWATA\ONEDRIVE\DESKTOP\MPLAB\MAIN.ASM 116 : Found opcode in column 1. (GOTO)
Warning[205] C:\USERS\SWATA\ONEDRIVE\DESKTOP\MPLAB\MAIN.ASM 122 : Found directive in column 1. (BANKSEL)
Warning[203] C:\USERS\SWATA\ONEDRIVE\DESKTOP\MPLAB\MAIN.ASM 123 : Found opcode in column 1. (BSF)
Warning[203] C:\USERS\SWATA\ONEDRIVE\DESKTOP\MPLAB\MAIN.ASM 125 : Found opcode in column 1. (GOTO)
Warning[205] C:\USERS\SWATA\ONEDRIVE\DESKTOP\MPLAB\MAIN.ASM 130 : Found directive in column 1. (BANKSEL)
Warning[203] C:\USERS\SWATA\ONEDRIVE\DESKTOP\MPLAB\MAIN.ASM 131 : Found opcode in column 1. (BCF)
Warning[203] C:\USERS\SWATA\ONEDRIVE\DESKTOP\MPLAB\MAIN.ASM 133 : Found opcode in column 1. (GOTO)
Warning[205] C:\USERS\SWATA\ONEDRIVE\DESKTOP\MPLAB\MAIN.ASM 137 : Found directive in column 1. (END)
