Warning[205] C:\USERS\SWATA\ONEDRIVE\DESKTOP\MPLAB\MAIN.ASM 2 : Found directive in column 1. (PROCESSOR)
Warning[205] C:\USERS\SWATA\ONEDRIVE\DESKTOP\MPLAB\MAIN.ASM 3 : Found directive in column 1. (INCLUDE)
Warning[205] C:\USERS\SWATA\ONEDRIVE\DESKTOP\MPLAB\MAIN.ASM 6 : Found directive in column 1. (__CONFIG)
Warning[205] C:\USERS\SWATA\ONEDRIVE\DESKTOP\MPLAB\MAIN.ASM 9 : Found directive in column 1. (ORG)
Warning[203] C:\USERS\SWATA\ONEDRIVE\DESKTOP\MPLAB\MAIN.ASM 10 : Found opcode in column 1. (GOTO)
Warning[205] C:\USERS\SWATA\ONEDRIVE\DESKTOP\MPLAB\MAIN.ASM 13 : Found directive in column 1. (ORG)
Warning[203] C:\USERS\SWATA\ONEDRIVE\DESKTOP\MPLAB\MAIN.ASM 14 : Found opcode in column 1. (GOTO)
Warning[205] C:\USERS\SWATA\ONEDRIVE\DESKTOP\MPLAB\MAIN.ASM 20 : Found directive in column 1. (BANKSEL)
Warning[203] C:\USERS\SWATA\ONEDRIVE\DESKTOP\MPLAB\MAIN.ASM 21 : Found opcode in column 1. (BCF)
Warning[203] C:\USERS\SWATA\ONEDRIVE\DESKTOP\MPLAB\MAIN.ASM 22 : Found opcode in column 1. (BCF)
Warning[205] C:\USERS\SWATA\ONEDRIVE\DESKTOP\MPLAB\MAIN.ASM 25 : Found directive in column 1. (BANKSEL)
Warning[203] C:\USERS\SWATA\ONEDRIVE\DESKTOP\MPLAB\MAIN.ASM 27 : Found opcode in column 1. (BTFSS)
Warning[203] C:\USERS\SWATA\ONEDRIVE\DESKTOP\MPLAB\MAIN.ASM 28 : Found opcode in column 1. (GOTO)
Warning[203] C:\USERS\SWATA\ONEDRIVE\DESKTOP\MPLAB\MAIN.ASM 30 : Found opcode in column 1. (GOTO)
Warning[205] C:\USERS\SWATA\ONEDRIVE\DESKTOP\MPLAB\MAIN.ASM 36 : Found directive in column 1. (BANKSEL)
Warning[203] C:\USERS\SWATA\ONEDRIVE\DESKTOP\MPLAB\MAIN.ASM 37 : Found opcode in column 1. (CLRF)
Warning[205] C:\USERS\SWATA\ONEDRIVE\DESKTOP\MPLAB\MAIN.ASM 39 : Found directive in column 1. (BANKSEL)
Warning[203] C:\USERS\SWATA\ONEDRIVE\DESKTOP\MPLAB\MAIN.ASM 40 : Found opcode in column 1. (BSF)
Warning[205] C:\USERS\SWATA\ONEDRIVE\DESKTOP\MPLAB\MAIN.ASM 42 : Found directive in column 1. (BANKSEL)
Warning[203] C:\USERS\SWATA\ONEDRIVE\DESKTOP\MPLAB\MAIN.ASM 43 : Found opcode in column 1. (retfie)
Warning[205] C:\USERS\SWATA\ONEDRIVE\DESKTOP\MPLAB\MAIN.ASM 52 : Found directive in column 1. (BANKSEL)
Warning[203] C:\USERS\SWATA\ONEDRIVE\DESKTOP\MPLAB\MAIN.ASM 53 : Found opcode in column 1. (BCF)
Message[302] C:\USERS\SWATA\ONEDRIVE\DESKTOP\MPLAB\MAIN.ASM 53 : Register in operand not in bank 0.  Ensure that bank bits are correct.
Warning[205] C:\USERS\SWATA\ONEDRIVE\DESKTOP\MPLAB\MAIN.ASM 56 : Found directive in column 1. (BANKSEL)
Warning[203] C:\USERS\SWATA\ONEDRIVE\DESKTOP\MPLAB\MAIN.ASM 57 : Found opcode in column 1. (BSF)
Warning[203] C:\USERS\SWATA\ONEDRIVE\DESKTOP\MPLAB\MAIN.ASM 58 : Found opcode in column 1. (BSF)
Warning[205] C:\USERS\SWATA\ONEDRIVE\DESKTOP\MPLAB\MAIN.ASM 60 : Found directive in column 1. (BANKSEL)
Warning[203] C:\USERS\SWATA\ONEDRIVE\DESKTOP\MPLAB\MAIN.ASM 61 : Found opcode in column 1. (MOVLW)
Warning[203] C:\USERS\SWATA\ONEDRIVE\DESKTOP\MPLAB\MAIN.ASM 62 : Found opcode in column 1. (MOVWF)
Message[302] C:\USERS\SWATA\ONEDRIVE\DESKTOP\MPLAB\MAIN.ASM 62 : Register in operand not in bank 0.  Ensure that bank bits are correct.
Warning[203] C:\USERS\SWATA\ONEDRIVE\DESKTOP\MPLAB\MAIN.ASM 69 : Found opcode in column 1. (GOTO)
Warning[205] C:\USERS\SWATA\ONEDRIVE\DESKTOP\MPLAB\MAIN.ASM 74 : Found directive in column 1. (BANKSEL)
Warning[203] C:\USERS\SWATA\ONEDRIVE\DESKTOP\MPLAB\MAIN.ASM 75 : Found opcode in column 1. (BSF)
Warning[203] C:\USERS\SWATA\ONEDRIVE\DESKTOP\MPLAB\MAIN.ASM 83 : Found opcode in column 1. (GOTO)
Warning[205] C:\USERS\SWATA\ONEDRIVE\DESKTOP\MPLAB\MAIN.ASM 88 : Found directive in column 1. (BANKSEL)
Warning[203] C:\USERS\SWATA\ONEDRIVE\DESKTOP\MPLAB\MAIN.ASM 89 : Found opcode in column 1. (BSF)
Warning[203] C:\USERS\SWATA\ONEDRIVE\DESKTOP\MPLAB\MAIN.ASM 91 : Found opcode in column 1. (GOTO)
Warning[205] C:\USERS\SWATA\ONEDRIVE\DESKTOP\MPLAB\MAIN.ASM 96 : Found directive in column 1. (BANKSEL)
Warning[203] C:\USERS\SWATA\ONEDRIVE\DESKTOP\MPLAB\MAIN.ASM 97 : Found opcode in column 1. (BCF)
Warning[203] C:\USERS\SWATA\ONEDRIVE\DESKTOP\MPLAB\MAIN.ASM 99 : Found opcode in column 1. (GOTO)
Warning[205] C:\USERS\SWATA\ONEDRIVE\DESKTOP\MPLAB\MAIN.ASM 103 : Found directive in column 1. (END)
