Warning[205] C:\USERS\SWATA\ONEDRIVE\DESKTOP\MPLAB\MAIN.ASM 2 : Found directive in column 1. (PROCESSOR)
Warning[205] C:\USERS\SWATA\ONEDRIVE\DESKTOP\MPLAB\MAIN.ASM 3 : Found directive in column 1. (INCLUDE)
Warning[205] C:\USERS\SWATA\ONEDRIVE\DESKTOP\MPLAB\MAIN.ASM 6 : Found directive in column 1. (__CONFIG)
Warning[205] C:\USERS\SWATA\ONEDRIVE\DESKTOP\MPLAB\MAIN.ASM 9 : Found directive in column 1. (ORG)
Warning[203] C:\USERS\SWATA\ONEDRIVE\DESKTOP\MPLAB\MAIN.ASM 10 : Found opcode in column 1. (GOTO)
Warning[205] C:\USERS\SWATA\ONEDRIVE\DESKTOP\MPLAB\MAIN.ASM 13 : Found directive in column 1. (ORG)
Warning[203] C:\USERS\SWATA\ONEDRIVE\DESKTOP\MPLAB\MAIN.ASM 14 : Found opcode in column 1. (GOTO)
Warning[205] C:\USERS\SWATA\ONEDRIVE\DESKTOP\MPLAB\MAIN.ASM 21 : Found directive in column 1. (BANKSEL)
Warning[203] C:\USERS\SWATA\ONEDRIVE\DESKTOP\MPLAB\MAIN.ASM 22 : Found opcode in column 1. (BCF)
Warning[203] C:\USERS\SWATA\ONEDRIVE\DESKTOP\MPLAB\MAIN.ASM 23 : Found opcode in column 1. (BCF)
Warning[205] C:\USERS\SWATA\ONEDRIVE\DESKTOP\MPLAB\MAIN.ASM 27 : Found directive in column 1. (BANKSEL)
Warning[203] C:\USERS\SWATA\ONEDRIVE\DESKTOP\MPLAB\MAIN.ASM 29 : Found opcode in column 1. (BTFSS)
Warning[203] C:\USERS\SWATA\ONEDRIVE\DESKTOP\MPLAB\MAIN.ASM 30 : Found opcode in column 1. (GOTO)
Warning[203] C:\USERS\SWATA\ONEDRIVE\DESKTOP\MPLAB\MAIN.ASM 32 : Found opcode in column 1. (GOTO)
Warning[205] C:\USERS\SWATA\ONEDRIVE\DESKTOP\MPLAB\MAIN.ASM 39 : Found directive in column 1. (BANKSEL)
Warning[203] C:\USERS\SWATA\ONEDRIVE\DESKTOP\MPLAB\MAIN.ASM 40 : Found opcode in column 1. (BSF)
Warning[205] C:\USERS\SWATA\ONEDRIVE\DESKTOP\MPLAB\MAIN.ASM 42 : Found directive in column 1. (BANKSEL)
Warning[203] C:\USERS\SWATA\ONEDRIVE\DESKTOP\MPLAB\MAIN.ASM 43 : Found opcode in column 1. (retfie)
Warning[205] C:\USERS\SWATA\ONEDRIVE\DESKTOP\MPLAB\MAIN.ASM 52 : Found directive in column 1. (BANKSEL)
Warning[203] C:\USERS\SWATA\ONEDRIVE\DESKTOP\MPLAB\MAIN.ASM 53 : Found opcode in column 1. (BSF)
Message[302] C:\USERS\SWATA\ONEDRIVE\DESKTOP\MPLAB\MAIN.ASM 53 : Register in operand not in bank 0.  Ensure that bank bits are correct.
Warning[203] C:\USERS\SWATA\ONEDRIVE\DESKTOP\MPLAB\MAIN.ASM 54 : Found opcode in column 1. (BCF)
Message[302] C:\USERS\SWATA\ONEDRIVE\DESKTOP\MPLAB\MAIN.ASM 54 : Register in operand not in bank 0.  Ensure that bank bits are correct.
Warning[205] C:\USERS\SWATA\ONEDRIVE\DESKTOP\MPLAB\MAIN.ASM 56 : Found directive in column 1. (BANKSEL)
Warning[203] C:\USERS\SWATA\ONEDRIVE\DESKTOP\MPLAB\MAIN.ASM 58 : Found opcode in column 1. (BSF)
Warning[203] C:\USERS\SWATA\ONEDRIVE\DESKTOP\MPLAB\MAIN.ASM 59 : Found opcode in column 1. (BSF)
Warning[203] C:\USERS\SWATA\ONEDRIVE\DESKTOP\MPLAB\MAIN.ASM 63 : Found opcode in column 1. (GOTO)
Warning[205] C:\USERS\SWATA\ONEDRIVE\DESKTOP\MPLAB\MAIN.ASM 68 : Found directive in column 1. (BANKSEL)
Warning[203] C:\USERS\SWATA\ONEDRIVE\DESKTOP\MPLAB\MAIN.ASM 69 : Found opcode in column 1. (BSF)
Warning[203] C:\USERS\SWATA\ONEDRIVE\DESKTOP\MPLAB\MAIN.ASM 77 : Found opcode in column 1. (GOTO)
Warning[205] C:\USERS\SWATA\ONEDRIVE\DESKTOP\MPLAB\MAIN.ASM 82 : Found directive in column 1. (BANKSEL)
Warning[203] C:\USERS\SWATA\ONEDRIVE\DESKTOP\MPLAB\MAIN.ASM 83 : Found opcode in column 1. (BSF)
Warning[203] C:\USERS\SWATA\ONEDRIVE\DESKTOP\MPLAB\MAIN.ASM 85 : Found opcode in column 1. (GOTO)
Warning[205] C:\USERS\SWATA\ONEDRIVE\DESKTOP\MPLAB\MAIN.ASM 90 : Found directive in column 1. (BANKSEL)
Warning[203] C:\USERS\SWATA\ONEDRIVE\DESKTOP\MPLAB\MAIN.ASM 91 : Found opcode in column 1. (BCF)
Warning[203] C:\USERS\SWATA\ONEDRIVE\DESKTOP\MPLAB\MAIN.ASM 93 : Found opcode in column 1. (GOTO)
Warning[205] C:\USERS\SWATA\ONEDRIVE\DESKTOP\MPLAB\MAIN.ASM 97 : Found directive in column 1. (END)
