Warning[205] C:\USERS\SWATA\ONEDRIVE\DESKTOP\MPLAB\MAIN.ASM 2 : Found directive in column 1. (PROCESSOR)
Warning[205] C:\USERS\SWATA\ONEDRIVE\DESKTOP\MPLAB\MAIN.ASM 3 : Found directive in column 1. (INCLUDE)
Warning[205] C:\USERS\SWATA\ONEDRIVE\DESKTOP\MPLAB\MAIN.ASM 6 : Found directive in column 1. (__CONFIG)
Warning[205] C:\USERS\SWATA\ONEDRIVE\DESKTOP\MPLAB\MAIN.ASM 17 : Found directive in column 1. (ORG)
Warning[203] C:\USERS\SWATA\ONEDRIVE\DESKTOP\MPLAB\MAIN.ASM 18 : Found opcode in column 1. (GOTO)
Warning[205] C:\USERS\SWATA\ONEDRIVE\DESKTOP\MPLAB\MAIN.ASM 21 : Found directive in column 1. (ORG)
Warning[203] C:\USERS\SWATA\ONEDRIVE\DESKTOP\MPLAB\MAIN.ASM 22 : Found opcode in column 1. (GOTO)
Warning[205] C:\USERS\SWATA\ONEDRIVE\DESKTOP\MPLAB\MAIN.ASM 30 : Found directive in column 1. (BANKSEL)
Warning[203] C:\USERS\SWATA\ONEDRIVE\DESKTOP\MPLAB\MAIN.ASM 31 : Found opcode in column 1. (BSF)
Message[302] C:\USERS\SWATA\ONEDRIVE\DESKTOP\MPLAB\MAIN.ASM 31 : Register in operand not in bank 0.  Ensure that bank bits are correct.
Warning[205] C:\USERS\SWATA\ONEDRIVE\DESKTOP\MPLAB\MAIN.ASM 33 : Found directive in column 1. (BANKSEL)
Warning[203] C:\USERS\SWATA\ONEDRIVE\DESKTOP\MPLAB\MAIN.ASM 34 : Found opcode in column 1. (BSF)
Warning[203] C:\USERS\SWATA\ONEDRIVE\DESKTOP\MPLAB\MAIN.ASM 35 : Found opcode in column 1. (BSF)
Warning[205] C:\USERS\SWATA\ONEDRIVE\DESKTOP\MPLAB\MAIN.ASM 37 : Found directive in column 1. (BANKSEL)
Warning[203] C:\USERS\SWATA\ONEDRIVE\DESKTOP\MPLAB\MAIN.ASM 38 : Found opcode in column 1. (CLRF)
Message[302] C:\USERS\SWATA\ONEDRIVE\DESKTOP\MPLAB\MAIN.ASM 38 : Register in operand not in bank 0.  Ensure that bank bits are correct.
Warning[205] C:\USERS\SWATA\ONEDRIVE\DESKTOP\MPLAB\MAIN.ASM 40 : Found directive in column 1. (BANKSEL)
Warning[203] C:\USERS\SWATA\ONEDRIVE\DESKTOP\MPLAB\MAIN.ASM 43 : Found opcode in column 1. (MOVLW)
Warning[203] C:\USERS\SWATA\ONEDRIVE\DESKTOP\MPLAB\MAIN.ASM 44 : Found opcode in column 1. (MOVWF)
Warning[203] C:\USERS\SWATA\ONEDRIVE\DESKTOP\MPLAB\MAIN.ASM 54 : Found opcode in column 1. (GOTO)
Warning[205] C:\USERS\SWATA\ONEDRIVE\DESKTOP\MPLAB\MAIN.ASM 59 : Found directive in column 1. (BANKSEL)
Warning[203] C:\USERS\SWATA\ONEDRIVE\DESKTOP\MPLAB\MAIN.ASM 60 : Found opcode in column 1. (BCF)
Warning[203] C:\USERS\SWATA\ONEDRIVE\DESKTOP\MPLAB\MAIN.ASM 61 : Found opcode in column 1. (BCF)
Warning[203] C:\USERS\SWATA\ONEDRIVE\DESKTOP\MPLAB\MAIN.ASM 66 : Found opcode in column 1. (INCF)
Message[305] C:\USERS\SWATA\ONEDRIVE\DESKTOP\MPLAB\MAIN.ASM 66 : Using default destination of 1 (file).
Warning[205] C:\USERS\SWATA\ONEDRIVE\DESKTOP\MPLAB\MAIN.ASM 72 : Found directive in column 1. (BANKSEL)
Warning[203] C:\USERS\SWATA\ONEDRIVE\DESKTOP\MPLAB\MAIN.ASM 73 : Found opcode in column 1. (BSF)
Warning[205] C:\USERS\SWATA\ONEDRIVE\DESKTOP\MPLAB\MAIN.ASM 75 : Found directive in column 1. (BANKSEL)
Warning[203] C:\USERS\SWATA\ONEDRIVE\DESKTOP\MPLAB\MAIN.ASM 76 : Found opcode in column 1. (retfie)
Warning[205] C:\USERS\SWATA\ONEDRIVE\DESKTOP\MPLAB\MAIN.ASM 82 : Found directive in column 1. (INCLUDE)
Message[305] C:\USERS\SWATA\ONEDRIVE\DESKTOP\MPLAB\LCDIS_PORTD.INC 27 : Using default destination of 1 (file).
Message[305] C:\USERS\SWATA\ONEDRIVE\DESKTOP\MPLAB\LCDIS_PORTD.INC 37 : Using default destination of 1 (file).
Message[305] C:\USERS\SWATA\ONEDRIVE\DESKTOP\MPLAB\LCDIS_PORTD.INC 62 : Using default destination of 1 (file).
Warning[203] C:\USERS\SWATA\ONEDRIVE\DESKTOP\MPLAB\MAIN.ASM 86 : Found opcode in column 1. (CALL)
Warning[203] C:\USERS\SWATA\ONEDRIVE\DESKTOP\MPLAB\MAIN.ASM 87 : Found opcode in column 1. (CALL)
Warning[203] C:\USERS\SWATA\ONEDRIVE\DESKTOP\MPLAB\MAIN.ASM 90 : Found opcode in column 1. (CALL)
Warning[204] C:\USERS\SWATA\ONEDRIVE\DESKTOP\MPLAB\MAIN.ASM 95 : Found pseudo-op in column 1. (MOVFW)
Warning[203] C:\USERS\SWATA\ONEDRIVE\DESKTOP\MPLAB\MAIN.ASM 96 : Found opcode in column 1. (BSF)
Warning[203] C:\USERS\SWATA\ONEDRIVE\DESKTOP\MPLAB\MAIN.ASM 97 : Found opcode in column 1. (CALL)
Warning[203] C:\USERS\SWATA\ONEDRIVE\DESKTOP\MPLAB\MAIN.ASM 99 : Found opcode in column 1. (GOTO)
Warning[205] C:\USERS\SWATA\ONEDRIVE\DESKTOP\MPLAB\MAIN.ASM 105 : Found directive in column 1. (END)
